[0;32m----->[0m Copying source files to docker dir...
[0;32m----->[0m Building panoply_mo_nmf locally...
Sending build context to Docker daemon  240.6kB
Step 1/5 : FROM broadcptacdev/pgdac_mo_nmf:15
15: Pulling from broadcptacdev/pgdac_mo_nmf
90fe46dd8199: Pulling fs layer
641362bf12aa: Pulling fs layer
4a52eaf273c7: Pulling fs layer
08857023e35c: Pulling fs layer
0ac274770a0f: Pulling fs layer
a840508794dc: Pulling fs layer
f9390cd5ccdb: Pulling fs layer
e65b73d748d3: Pulling fs layer
fb5a32f48cf5: Pulling fs layer
31939ef8efd4: Pulling fs layer
6eca84f9d339: Pulling fs layer
9420f9a74347: Pulling fs layer
afea1d6704b0: Pulling fs layer
dc991b694d98: Pulling fs layer
65c01be2b4a0: Pulling fs layer
925a9fc362e4: Pulling fs layer
e5400c3e5b48: Pulling fs layer
63004059cc07: Pulling fs layer
1349b11d489c: Pulling fs layer
5722c3bb59ca: Pulling fs layer
c7c96c997367: Pulling fs layer
33c61ed7a1f3: Pulling fs layer
72442c251e3d: Pulling fs layer
b353a45ad190: Pulling fs layer
0b4b1165f18a: Pulling fs layer
1b61be24d916: Pulling fs layer
57748dd898c9: Pulling fs layer
43d8f9108728: Pulling fs layer
b84c9afcac7e: Pulling fs layer
28f403918cde: Pulling fs layer
ef12b9818d3c: Pulling fs layer
2c343ea78877: Pulling fs layer
aba32d86891e: Pulling fs layer
e8bd55f85279: Pulling fs layer
1af9f1206778: Pulling fs layer
1a0e600d70af: Pulling fs layer
690ea48976a8: Pulling fs layer
bdb8caa3d0ea: Pulling fs layer
289f00e552c1: Pulling fs layer
36456b59f646: Pulling fs layer
79295b2234ce: Pulling fs layer
5594e51ef6d6: Pulling fs layer
5657bae8a47d: Pulling fs layer
8070dfac2717: Pulling fs layer
f268e42ba8ac: Pulling fs layer
cfa788afd344: Pulling fs layer
b9fa82142a93: Pulling fs layer
f020b2275d00: Pulling fs layer
92562d4fccd6: Pulling fs layer
f7892e0d4608: Pulling fs layer
e44f98edc161: Pulling fs layer
4bf5e509cf32: Pulling fs layer
a99f99a1c641: Pulling fs layer
384fb3655d8f: Pulling fs layer
25d7f570b6ef: Pulling fs layer
84c93a7b9ebf: Pulling fs layer
9508765abb70: Pulling fs layer
bb1841b93eb1: Pulling fs layer
9f59110ac863: Pulling fs layer
f8ed98c352f0: Pulling fs layer
e4b4710e1d0a: Pulling fs layer
730261f84bd5: Pulling fs layer
c7d545d1a700: Pulling fs layer
192d4b8fb7aa: Pulling fs layer
f3926be3f6df: Pulling fs layer
122e62282d78: Pulling fs layer
3ca1f7dc94b6: Pulling fs layer
2f2141718572: Pulling fs layer
8673d9266b53: Pulling fs layer
8d1c63ad409b: Pulling fs layer
418439e9a7c7: Pulling fs layer
20aea3b999ba: Pulling fs layer
76c9ba42e0b9: Pulling fs layer
1ed2f6ebdda2: Pulling fs layer
7c686b88b3eb: Pulling fs layer
2a7c605dfa0c: Pulling fs layer
951b970c8963: Pulling fs layer
7762f940c880: Pulling fs layer
9a97abe66db9: Pulling fs layer
6182fa7ab3f4: Pulling fs layer
9ec9e6b4e1fc: Pulling fs layer
59dd9bbc0251: Pulling fs layer
e94393b6f144: Pulling fs layer
e98df0aa2c8f: Pulling fs layer
bc040668c9ac: Pulling fs layer
7205e0c555ab: Pulling fs layer
5040cfa3ab03: Pulling fs layer
9ff314a3a630: Pulling fs layer
c2301092a1b7: Pulling fs layer
c2301092a1b7: Waiting
8070dfac2717: Waiting
122e62282d78: Waiting
f268e42ba8ac: Waiting
cfa788afd344: Waiting
b9fa82142a93: Waiting
f020b2275d00: Waiting
92562d4fccd6: Waiting
f7892e0d4608: Waiting
e44f98edc161: Waiting
4bf5e509cf32: Waiting
a99f99a1c641: Waiting
384fb3655d8f: Waiting
25d7f570b6ef: Waiting
84c93a7b9ebf: Waiting
9508765abb70: Waiting
bb1841b93eb1: Waiting
9f59110ac863: Waiting
f8ed98c352f0: Waiting
e4b4710e1d0a: Waiting
730261f84bd5: Waiting
c7d545d1a700: Waiting
192d4b8fb7aa: Waiting
f3926be3f6df: Waiting
33c61ed7a1f3: Waiting
4a52eaf273c7: Download complete
08857023e35c: Download complete
0ac274770a0f: Download complete
a840508794dc: Download complete
f9390cd5ccdb: Download complete
e65b73d748d3: Download complete
31939ef8efd4: Waiting
6eca84f9d339: Waiting
9420f9a74347: Waiting
afea1d6704b0: Waiting
dc991b694d98: Waiting
65c01be2b4a0: Waiting
925a9fc362e4: Waiting
e5400c3e5b48: Waiting
63004059cc07: Waiting
1349b11d489c: Waiting
5722c3bb59ca: Waiting
c7c96c997367: Waiting
9a97abe66db9: Waiting
3ca1f7dc94b6: Waiting
2f2141718572: Waiting
8673d9266b53: Waiting
8d1c63ad409b: Waiting
418439e9a7c7: Waiting
20aea3b999ba: Waiting
76c9ba42e0b9: Waiting
1ed2f6ebdda2: Waiting
7c686b88b3eb: Waiting
2a7c605dfa0c: Waiting
951b970c8963: Waiting
7762f940c880: Waiting
aba32d86891e: Waiting
72442c251e3d: Waiting
b353a45ad190: Waiting
0b4b1165f18a: Waiting
1b61be24d916: Waiting
57748dd898c9: Waiting
43d8f9108728: Waiting
b84c9afcac7e: Waiting
28f403918cde: Waiting
ef12b9818d3c: Waiting
2c343ea78877: Waiting
6182fa7ab3f4: Waiting
9ec9e6b4e1fc: Waiting
59dd9bbc0251: Waiting
e94393b6f144: Waiting
e98df0aa2c8f: Waiting
bc040668c9ac: Waiting
7205e0c555ab: Waiting
5040cfa3ab03: Waiting
e8bd55f85279: Waiting
9ff314a3a630: Waiting
1af9f1206778: Waiting
1a0e600d70af: Waiting
690ea48976a8: Waiting
79295b2234ce: Waiting
5594e51ef6d6: Waiting
5657bae8a47d: Waiting
36456b59f646: Wa08857023e35c: Download complete
0ac274770a0f: Verifying Checksum
0ac274770a0f: Download complete
a840508794dc: Verifying Checksum
a840508794dc: Download complete
f9390cd5ccdb: Verifying Checksum
f9390cd5ccdb: Download complete
122e62282d78: Verifying Checksum
418439e9a7c7: Verifying Checksum
7c686b88b3eb: Verifying Checksum
c2301092a1b7: Pull complete
e65b73d748d3: Pull complete
90fe46dd8199: Pull complete
641362bf12aa: Pull complete
fb5a32f48cf5: Pull complete
31939ef8efd4: Pull complete
6eca84f9d339: Pull complete
9420f9a74347: Pull complete
afea1d6704b0: Pull complete
dc991b694d98: Pull complete
65c01be2b4a0: Pull complete
925a9fc362e4: Pull complete
e5400c3e5b48: Pull complete
63004059cc07: Pull complete
5722c3bb59ca: Pull complete
1349b11d489c: Pull complete
c7c96c997367: Pull complete
33c61ed7a1f3: Pull complete
72442c251e3d: Pull complete
b353a45ad190: Pull complete
0b4b1165f18a: Pull complete
1b61be24d916: Pull complete
57748dd898c9: Pull complete
43d8f9108728: Pull complete
b84c9afcac7e: Pull complete
28f403918cde: Pull complete
ef12b9818d3c: Pull complete
2c343ea78877: Pull complete
aba32d86891e: Pull complete
e8bd55f85279: Pull complete
1af9f1206778: Pull complete
1a0e600d70af: Pull complete
690ea48976a8: Pull complete
289f00e552c1: Pull complete
bdb8caa3d0ea: Pull complete
36456b59f646: Pull complete
79295b2234ce: Pull complete
5594e51ef6d6: Pull complete
5657bae8a47d: Pull complete
8070dfac2717: Pull complete
f268e42ba8ac: Pull complete
cfa788afd344: Pull complete
b9fa82142a93: Pull complete
f020b2275d00: Pull complete
92562d4fccd6: Pull complete
f7892e0d4608: Pull complete
e44f98edc161: Pull complete
4bf5e509cf32: Pull complete
a99f99a1c641: Pull complete
384fb3655d8f: Pull complete
25d7f570b6ef: Pull complete
84c93a7b9ebf: Pull complete
9508765abb70: Pull complete
4a52eaf273c7: Pull complete
08857023e35c: Pull complete
0ac274770a0f: Pull complete
a840508794dc: Pull complete
f9390cd5ccdb: Pull complete
bb1841b93eb1: Pull complete
9f59110ac863: Pull complete
f8ed98c352f0: Pull complete
e4b4710e1d0a: Pull complete
730261f84bd5: Pull complete
c7d545d1a700: Pull complete
192d4b8fb7aa: Pull complete
f3926be3f6df: Pull complete
122e62282d78: Pull complete
3ca1f7dc94b6: Pull complete
2f2141718572: Pull complete
8673d9266b53: Pull complete
418439e9a7c7: Pull complete
8d1c63ad409b: Pull complete
20aea3b999ba: Pull complete
76c9ba42e0b9: Pull complete
1ed2f6ebdda2: Pull complete
7c686b88b3eb: Pull complete
2a7c605dfa0c: Pull complete
951b970c8963: Pull complete
7762f940c880: Pull complete
6182fa7ab3f4: Pull complete
9a97abe66db9: Pull complete
9ec9e6b4e1fc: Pull complete
59dd9bbc0251: Pull complete
e94393b6f144: Pull complete
e98df0aa2c8f: Pull complete
bc040668c9ac: Pull complete
7205e0c555ab: Pull complete
5040cfa3ab03: Pull complete
9ff314a3a630: Pull complete
Digest: sha256:b8afb81145b568240b322decebe841d1eea8d547468e4920b1709283bb5452ac
Status: Image is up to date for broadcptacdev/pgdac_mo_nmf:15
 ---> 42cad2fda32c
Step 2/5 : LABEL maintainer="karsten@broadinstitute.org"
 ---> Running in aed94e7ed02b
Removing intermediate container aed94e7ed02b
 ---> 926a6b6c8f8a
Step 3/5 : LABEL description="Docker for PANOPLY's multi-omic NMF clustering."
 ---> Running in cbbbd086c47f
Removing intermediate container cbbbd086c47f
 ---> 158e14721938
Step 4/5 : ENV wd /home/pgdac/
 ---> Running in 31bb8f898e62
Removing intermediate container 31bb8f898e62
 ---> dbdcc224e336
Step 5/5 : COPY . $wd
 ---> d41b0409e0df
Successfully built d41b0409e0df
Successfully tagged broadcptacdev/panoply_mo_nmf:16
Successfully tagged broadcptacdev/panoply_mo_nmf:latest
broadcptacdev/panoply_mo_nmf                     16                  d41b0409e0df        2 seconds ago       2.66GB
broadcptacdev/panoply_mo_nmf                     latest              d41b0409e0df        2 seconds ago       2.66GB
